[0.046s] Invoking command in '/home/matthewbanks/turtlebot3_ws/src/build/turtlebot3_gazebo': CMAKE_PREFIX_PATH=${CMAKE_PREFIX_PATH}:/home/matthewbanks/turtlebot3_ws/install/gesture_cont:/opt/ros/humble /usr/bin/cmake /home/matthewbanks/turtlebot3_ws/src/turtlebot3_simulations/turtlebot3_gazebo -DCMAKE_INSTALL_PREFIX=/home/matthewbanks/turtlebot3_ws/src/install/turtlebot3_gazebo
[0.460s] -- The C compiler identification is GNU 11.4.0
[0.824s] -- The CXX compiler identification is GNU 11.4.0
[0.880s] -- Detecting C compiler ABI info
[1.169s] -- Detecting C compiler ABI info - done
[1.206s] -- Check for working C compiler: /usr/bin/cc - skipped
[1.207s] -- Detecting C compile features
[1.208s] -- Detecting C compile features - done
[1.221s] -- Detecting CXX compiler ABI info
[1.536s] -- Detecting CXX compiler ABI info - done
[1.562s] -- Check for working CXX compiler: /usr/bin/c++ - skipped
[1.563s] -- Detecting CXX compile features
[1.568s] -- Detecting CXX compile features - done
[1.580s] -- Found ament_cmake: 1.3.5 (/opt/ros/humble/share/ament_cmake/cmake)
[2.093s] -- Found Python3: /usr/bin/python3.10 (found version "3.10.12") found components: Interpreter 
[2.478s] -- Found PkgConfig: /usr/bin/pkg-config (found version "0.29.2") 
[2.478s] [33mCMake Warning (dev) at /usr/share/cmake-3.22/Modules/FindPackageHandleStandardArgs.cmake:438 (message):
[2.478s]   The package name passed to `find_package_handle_standard_args` (PkgConfig)
[2.479s]   does not match the name of the calling package (gazebo).  This can lead to
[2.479s]   problems in calling code that expects `find_package` result variables
[2.479s]   (e.g., `_FOUND`) to follow a certain pattern.
[2.479s] Call Stack (most recent call first):
[2.479s]   /usr/share/cmake-3.22/Modules/FindPkgConfig.cmake:99 (find_package_handle_standard_args)
[2.479s]   /usr/lib/x86_64-linux-gnu/cmake/gazebo/gazebo-config.cmake:72 (include)
[2.479s]   CMakeLists.txt:23 (find_package)
[2.479s] This warning is for project developers.  Use -Wno-dev to suppress it.
[2.479s] [0m
[2.482s] -- Checking for module 'bullet>=2.82'
[2.550s] --   Found bullet, version 3.05
[3.004s] -- Found fcl: /usr/include (found suitable version "0.7.0", minimum required is "0.5.0") 
[3.312s] -- Found assimp: /usr/include (found version "5.2.0") 
[3.397s] -- Found DART: /usr/include (Required is at least version "6.6") found components: dart 
[3.860s] -- Found Boost: /usr/lib/x86_64-linux-gnu/cmake/Boost-1.74.0/BoostConfig.cmake (found suitable version "1.74.0", minimum required is "1.40.0") found components: thread system filesystem program_options regex iostreams date_time 
[3.913s] -- Found Protobuf: /usr/lib/x86_64-linux-gnu/libprotobuf.so (found version "3.12.4") 
[3.926s] -- Looking for ignition-math6 -- found version 6.12.0
[3.939s] -- Searching for dependencies of ignition-math6
[3.943s] -- Looking for OGRE...
[3.944s] -- OGRE_PREFIX_WATCH changed.
[3.953s] -- Checking for module 'OGRE'
[3.973s] --   Found OGRE, version 1.9.0
[4.038s] -- Found Ogre Ghadamon (1.9.0)
[4.070s] -- Found OGRE: optimized;/usr/lib/x86_64-linux-gnu/libOgreMain.so;debug;/usr/lib/x86_64-linux-gnu/libOgreMain.so
[4.092s] -- Looking for OGRE_Paging...
[4.133s] -- Found OGRE_Paging: optimized;/usr/lib/x86_64-linux-gnu/libOgrePaging.so;debug;/usr/lib/x86_64-linux-gnu/libOgrePaging.so
[4.133s] -- Looking for OGRE_Terrain...
[4.155s] -- Found OGRE_Terrain: optimized;/usr/lib/x86_64-linux-gnu/libOgreTerrain.so;debug;/usr/lib/x86_64-linux-gnu/libOgreTerrain.so
[4.156s] -- Looking for OGRE_Property...
[4.198s] -- Found OGRE_Property: optimized;/usr/lib/x86_64-linux-gnu/libOgreProperty.so;debug;/usr/lib/x86_64-linux-gnu/libOgreProperty.so
[4.199s] -- Looking for OGRE_RTShaderSystem...
[4.245s] -- Found OGRE_RTShaderSystem: optimized;/usr/lib/x86_64-linux-gnu/libOgreRTShaderSystem.so;debug;/usr/lib/x86_64-linux-gnu/libOgreRTShaderSystem.so
[4.245s] -- Looking for OGRE_Volume...
[4.269s] -- Found OGRE_Volume: optimized;/usr/lib/x86_64-linux-gnu/libOgreVolume.so;debug;/usr/lib/x86_64-linux-gnu/libOgreVolume.so
[4.269s] -- Looking for OGRE_Overlay...
[4.284s] -- Found OGRE_Overlay: optimized;/usr/lib/x86_64-linux-gnu/libOgreOverlay.so;debug;/usr/lib/x86_64-linux-gnu/libOgreOverlay.so
[4.693s] -- Looking for ignition-math6 -- found version 6.12.0
[4.699s] -- Looking for ignition-transport8 -- found version 8.2.1
[4.700s] -- Searching for dependencies of ignition-transport8
[4.730s] -- Found Protobuf: /usr/lib/x86_64-linux-gnu/libprotobuf.so (found suitable version "3.12.4", minimum required is "3") 
[4.747s] -- Config-file not installed for ZeroMQ -- checking for pkg-config
[4.756s] -- Checking for module 'libzmq >= 4'
[4.834s] --   Found libzmq , version 4.3.4
[4.917s] -- Found ZeroMQ: TRUE (Required is at least version "4") 
[4.932s] -- Checking for module 'uuid'
[4.966s] --   Found uuid, version 2.37.2
[5.068s] -- Found UUID: TRUE  
[5.079s] -- Looking for ignition-msgs5 -- found version 5.8.1
[5.080s] -- Searching for dependencies of ignition-msgs5
[5.129s] -- Looking for ignition-math6 -- found version 6.12.0
[5.143s] -- Checking for module 'tinyxml2'
[5.170s] --   Found tinyxml2, version 9.0.0
[5.326s] -- Looking for ignition-msgs5 -- found version 5.8.1
[5.338s] -- Looking for ignition-common3 -- found version 3.14.0
[5.338s] -- Searching for dependencies of ignition-common3
[5.338s] -- Looking for dlfcn.h - found
[5.338s] -- Looking for libdl - found
[5.345s] -- Found DL: TRUE  
[5.370s] -- Found tinyobjloader: /usr/lib/x86_64-linux-gnu/cmake/tinyobjloader/tinyobjloader-config.cmake (found version "2.0.0") 
[5.371s] -- Searching for <ignition-common3> component [graphics]
[5.375s] -- Looking for ignition-common3-graphics -- found version 3.14.0
[5.375s] -- Searching for dependencies of ignition-common3-graphics
[5.379s] -- Looking for ignition-math6 -- found version 6.12.0
[5.381s] -- Looking for ignition-fuel_tools4 -- found version 4.4.0
[5.382s] -- Searching for dependencies of ignition-fuel_tools4
[5.565s] -- Found CURL: /usr/lib/x86_64-linux-gnu/libcurl.so (found version "7.81.0")  
[5.594s] -- Checking for module 'jsoncpp'
[5.646s] --   Found jsoncpp, version 1.9.5
[5.707s] -- Found JSONCPP: TRUE  
[5.730s] -- Checking for module 'libzip'
[5.774s] --   Found libzip, version 1.7.3
[5.860s] -- Found ZIP: TRUE  
[5.860s] -- Looking for ignition-common3 -- found version 3.14.0
[5.861s] -- Looking for ignition-math6 -- found version 6.12.0
[5.861s] -- Looking for ignition-msgs5 -- found version 5.8.1
[5.880s] -- Found gazebo_ros_pkgs: 3.7.0 (/opt/ros/humble/share/gazebo_ros_pkgs/cmake)
[5.883s] -- Found geometry_msgs: 4.2.3 (/opt/ros/humble/share/geometry_msgs/cmake)
[5.949s] -- Found rosidl_generator_c: 3.1.5 (/opt/ros/humble/share/rosidl_generator_c/cmake)
[5.958s] -- Found rosidl_adapter: 3.1.5 (/opt/ros/humble/share/rosidl_adapter/cmake)
[5.976s] -- Found rosidl_generator_cpp: 3.1.5 (/opt/ros/humble/share/rosidl_generator_cpp/cmake)
[6.001s] -- Using all available rosidl_typesupport_c: rosidl_typesupport_fastrtps_c;rosidl_typesupport_introspection_c
[6.038s] -- Using all available rosidl_typesupport_cpp: rosidl_typesupport_fastrtps_cpp;rosidl_typesupport_introspection_cpp
[6.221s] -- Found nav_msgs: 4.2.3 (/opt/ros/humble/share/nav_msgs/cmake)
[6.358s] -- Found rclcpp: 16.0.5 (/opt/ros/humble/share/rclcpp/cmake)
[6.469s] -- Found rmw_implementation_cmake: 6.1.1 (/opt/ros/humble/share/rmw_implementation_cmake/cmake)
[6.476s] -- Found rmw_fastrtps_cpp: 6.2.3 (/opt/ros/humble/share/rmw_fastrtps_cpp/cmake)
[6.698s] -- Found OpenSSL: /usr/lib/x86_64-linux-gnu/libcrypto.so (found version "3.0.2")  
[6.774s] -- Found FastRTPS: /opt/ros/humble/include  
[6.922s] -- Using RMW implementation 'rmw_fastrtps_cpp' as default
[6.941s] -- Found Threads: TRUE  
[7.234s] -- Found sensor_msgs: 4.2.3 (/opt/ros/humble/share/sensor_msgs/cmake)
[7.430s] -- Found tf2: 0.25.3 (/opt/ros/humble/share/tf2/cmake)
[7.653s] -- Configuring done
[7.767s] -- Generating done
[7.784s] -- Build files have been written to: /home/matthewbanks/turtlebot3_ws/src/build/turtlebot3_gazebo
[7.831s] Invoked command in '/home/matthewbanks/turtlebot3_ws/src/build/turtlebot3_gazebo' returned '0': CMAKE_PREFIX_PATH=${CMAKE_PREFIX_PATH}:/home/matthewbanks/turtlebot3_ws/install/gesture_cont:/opt/ros/humble /usr/bin/cmake /home/matthewbanks/turtlebot3_ws/src/turtlebot3_simulations/turtlebot3_gazebo -DCMAKE_INSTALL_PREFIX=/home/matthewbanks/turtlebot3_ws/src/install/turtlebot3_gazebo
[7.831s] Invoking command in '/home/matthewbanks/turtlebot3_ws/src/build/turtlebot3_gazebo': CMAKE_PREFIX_PATH=${CMAKE_PREFIX_PATH}:/home/matthewbanks/turtlebot3_ws/install/gesture_cont:/opt/ros/humble /usr/bin/cmake --build /home/matthewbanks/turtlebot3_ws/src/build/turtlebot3_gazebo -- -j4 -l4
[7.968s] [ 12%] [32mBuilding CXX object CMakeFiles/turtlebot3_drive.dir/src/turtlebot3_drive.cpp.o[0m
[31.756s] [ 25%] [32m[1mLinking CXX executable turtlebot3_drive[0m
[32.954s] [ 25%] Built target turtlebot3_drive
[32.985s] [ 37%] [32mBuilding CXX object CMakeFiles/obstacles.dir/models/turtlebot3_dqn_world/obstacle_plugin/obstacles.cc.o[0m
[50.022s] [ 50%] [32m[1mLinking CXX shared library libobstacles.so[0m
[50.603s] [ 50%] Built target obstacles
[50.646s] [ 62%] [32mBuilding CXX object CMakeFiles/obstacle2.dir/models/turtlebot3_dqn_world/obstacle_plugin/obstacle2.cc.o[0m
[67.047s] [ 75%] [32m[1mLinking CXX shared library libobstacle2.so[0m
[67.571s] [ 75%] Built target obstacle2
[67.597s] [ 87%] [32mBuilding CXX object CMakeFiles/obstacle1.dir/models/turtlebot3_dqn_world/obstacle_plugin/obstacle1.cc.o[0m
[70.834s] gmake[2]: *** [CMakeFiles/obstacle1.dir/build.make:76: CMakeFiles/obstacle1.dir/models/turtlebot3_dqn_world/obstacle_plugin/obstacle1.cc.o] Interrupt
[70.835s] gmake[1]: *** [CMakeFiles/Makefile2:169: CMakeFiles/obstacle1.dir/all] Interrupt
[70.835s] gmake: *** [Makefile:146: all] Interrupt
[70.885s] Invoked command in '/home/matthewbanks/turtlebot3_ws/src/build/turtlebot3_gazebo' returned '-2': CMAKE_PREFIX_PATH=${CMAKE_PREFIX_PATH}:/home/matthewbanks/turtlebot3_ws/install/gesture_cont:/opt/ros/humble /usr/bin/cmake --build /home/matthewbanks/turtlebot3_ws/src/build/turtlebot3_gazebo -- -j4 -l4
